plugins/plugin-native-screencapture/android/build/intermediates/manifest_merge_blame_file/debug/processDebugManifest/manifest-merger-blame-debug-report.txt
1<?xml version="1.0" encoding="utf-8"?>
2<manifest xmlns:android="http://schemas.android.com/apk/res/android"
3    package="ai.eliza.plugins.screencapture" >
4
5    <uses-sdk android:minSdkVersion="26" />
5-->INJECTED
5-->INJECTED
6
7    <uses-permission android:name="android.permission.RECORD_AUDIO" />
7-->src/main/AndroidManifest.xml:3:5-71
7-->src/main/AndroidManifest.xml:3:22-68
8    <uses-permission android:name="android.permission.FOREGROUND_SERVICE" />
8-->src/main/AndroidManifest.xml:4:5-77
8-->src/main/AndroidManifest.xml:4:22-74
9    <uses-permission
9-->src/main/AndroidManifest.xml:5:5-121
10        android:name="android.permission.FOREGROUND_SERVICE_MEDIA_PROJECTION"
10-->src/main/AndroidManifest.xml:5:22-91
11        android:minSdkVersion="34" />
11-->src/main/AndroidManifest.xml:5:92-118
12
13</manifest>